# JRE version: OpenJDK Runtime Environment Temurin-23.0.2+7 (23.0.2+7) (build 23.0.2+7)
# Java VM: OpenJDK 64-Bit Server VM Temurin-23.0.2+7 (23.0.2+7, mixed mode, emulated-client, sharing, tiered, compressed oops, compressed class ptrs, g1 gc, windows-amd64)
GC Precious Log:
 CardTable entry size: 512
 Card Set container configuration: InlinePtr #cards 5 size 8 Array Of Cards #cards 10 size 36 Howl #buckets 4 coarsen threshold 1843 Howl Bitmap #cards 512 size 80 coarsen threshold 460 Card regions per heap region 1 cards per card region 2048
 CPUs: 4 total, 4 available
 Memory: 6045M
 Large Page Support: Disabled
 NUMA Support: Disabled
 Compressed Oops: Enabled (32-bit)
 Heap Region Size: 1M
 Heap Min Capacity: 8M
 Heap Initial Capacity: 96M
 Heap Max Capacity: 1512M
 Pre-touch: Disabled
 Parallel Workers: 4
 Concurrent Workers: 1
 Concurrent Refinement Workers: 4
 Periodic GC: Disabled
Heap:
 garbage-first heap   total reserved 1548288K, committed 96256K, used 39065K [0x00000000a1800000, 0x0000000100000000)
  region size 1024K, 8 young (8192K), 5 survivors (5120K)
 Metaspace       used 83129K, committed 83968K, reserved 1179648K
  class space    used 12015K, committed 12416K, reserved 1048576K
GC Heap History (20 events):
Event: 464.009 GC heap before
{Heap before GC invocations=37 (full 2):
 garbage-first heap   total reserved 1548288K, committed 96256K, used 79527K [0x00000000a1800000, 0x0000000100000000)
  region size 1024K, 49 young (50176K), 0 survivors (0K)
 Metaspace       used 81285K, committed 82112K, reserved 1179648K
  class space    used 11815K, committed 12224K, reserved 1048576K
}
Event: 464.014 GC heap after
{Heap after GC invocations=38 (full 2):
 garbage-first heap   total reserved 1548288K, committed 96256K, used 35149K [0x00000000a1800000, 0x0000000100000000)
  region size 1024K, 5 young (5120K), 5 survivors (5120K)
 Metaspace       used 81285K, committed 82112K, reserved 1179648K
  class space    used 11815K, committed 12224K, reserved 1048576K
}
Event: 481.159 GC heap before
{Heap before GC invocations=39 (full 2):
 garbage-first heap   total reserved 1548288K, committed 96256K, used 82253K [0x00000000a1800000, 0x0000000100000000)
  region size 1024K, 51 young (52224K), 5 survivors (5120K)
 Metaspace       used 81625K, committed 82432K, reserved 1179648K
  class space    used 11840K, committed 12224K, reserved 1048576K
}
Event: 481.164 GC heap after
{Heap after GC invocations=40 (full 2):
 garbage-first heap   total reserved 1548288K, committed 96256K, used 36328K [0x00000000a1800000, 0x0000000100000000)
  region size 1024K, 3 young (3072K), 3 survivors (3072K)
 Metaspace       used 81625K, committed 82432K, reserved 1179648K
  class space    used 11840K, committed 12224K, reserved 1048576K
}
Event: 556.606 GC heap before
{Heap before GC invocations=40 (full 2):
 garbage-first heap   total reserved 1548288K, committed 96256K, used 42472K [0x00000000a1800000, 0x0000000100000000)
  region size 1024K, 10 young (10240K), 3 survivors (3072K)
 Metaspace       used 81628K, committed 82432K, reserved 1179648K
  class space    used 11841K, committed 12224K, reserved 1048576K
}
Event: 556.652 GC heap after
{Heap after GC invocations=41 (full 3):
 garbage-first heap   total reserved 1548288K, committed 96256K, used 30129K [0x00000000a1800000, 0x0000000100000000)
  region size 1024K, 0 young (0K), 0 survivors (0K)
 Metaspace       used 81625K, committed 82432K, reserved 1179648K
  class space    used 11840K, committed 12224K, reserved 1048576K
}
Event: 557.432 GC heap before
{Heap before GC invocations=41 (full 3):
 garbage-first heap   total reserved 1548288K, committed 96256K, used 81329K [0x00000000a1800000, 0x0000000100000000)
  region size 1024K, 51 young (52224K), 0 survivors (0K)
 Metaspace       used 81745K, committed 82496K, reserved 1179648K
  class space    used 11864K, committed 12224K, reserved 1048576K
}
Event: 557.437 GC heap after
{Heap after GC invocations=42 (full 3):
 garbage-first heap   total reserved 1548288K, committed 96256K, used 34907K [0x00000000a1800000, 0x0000000100000000)
  region size 1024K, 5 young (5120K), 5 survivors (5120K)
 Metaspace       used 81745K, committed 82496K, reserved 1179648K
  class space    used 11864K, committed 12224K, reserved 1048576K
}
Event: 567.919 GC heap before
{Heap before GC invocations=43 (full 3):
 garbage-first heap   total reserved 1548288K, committed 96256K, used 79963K [0x00000000a1800000, 0x0000000100000000)
  region size 1024K, 51 young (52224K), 5 survivors (5120K)
 Metaspace       used 81957K, committed 82688K, reserved 1179648K
  class space    used 11855K, committed 12224K, reserved 1048576K
}
Event: 567.976 GC heap after
{Heap after GC invocations=44 (full 4):
 garbage-first heap   total reserved 1548288K, committed 96256K, used 29981K [0x00000000a1800000, 0x0000000100000000)
  region size 1024K, 0 young (0K), 0 survivors (0K)
 Metaspace       used 81941K, committed 82688K, reserved 1179648K
  class space    used 11851K, committed 12224K, reserved 1048576K
}
Event: 568.760 GC heap before
{Heap before GC invocations=44 (full 4):
 garbage-first heap   total reserved 1548288K, committed 96256K, used 81181K [0x00000000a1800000, 0x0000000100000000)
  region size 1024K, 51 young (52224K), 0 survivors (0K)
 Metaspace       used 82060K, committed 82816K, reserved 1179648K
  class space    used 11871K, committed 12224K, reserved 1048576K
}
Event: 568.765 GC heap after
{Heap after GC invocations=45 (full 4):
 garbage-first heap   total reserved 1548288K, committed 96256K, used 34990K [0x00000000a1800000, 0x0000000100000000)
  region size 1024K, 5 young (5120K), 5 survivors (5120K)
 Metaspace       used 82060K, committed 82816K, reserved 1179648K
  class space    used 11871K, committed 12224K, reserved 1048576K
}
Event: 628.357 GC heap before
{Heap before GC invocations=46 (full 4):
 garbage-first heap   total reserved 1548288K, committed 96256K, used 83118K [0x00000000a1800000, 0x0000000100000000)
  region size 1024K, 52 young (53248K), 5 survivors (5120K)
 Metaspace       used 82416K, committed 83200K, reserved 1179648K
  class space    used 11901K, committed 12288K, reserved 1048576K
}
Event: 628.364 GC heap after
{Heap after GC invocations=47 (full 4):
 garbage-first heap   total reserved 1548288K, committed 96256K, used 35869K [0x00000000a1800000, 0x0000000100000000)
  region size 1024K, 3 young (3072K), 3 survivors (3072K)
 Metaspace       used 82416K, committed 83200K, reserved 1179648K
  class space    used 11901K, committed 12288K, reserved 1048576K
}
Event: 657.628 GC heap before
{Heap before GC invocations=47 (full 4):
 garbage-first heap   total reserved 1548288K, committed 96256K, used 38941K [0x00000000a1800000, 0x0000000100000000)
  region size 1024K, 7 young (7168K), 3 survivors (3072K)
 Metaspace       used 82421K, committed 83200K, reserved 1179648K
  class space    used 11902K, committed 12288K, reserved 1048576K
}
Event: 657.671 GC heap after
{Heap after GC invocations=48 (full 5):
 garbage-first heap   total reserved 1548288K, committed 96256K, used 26708K [0x00000000a1800000, 0x0000000100000000)
  region size 1024K, 0 young (0K), 0 survivors (0K)
 Metaspace       used 82342K, committed 83200K, reserved 1179648K
  class space    used 11881K, committed 12288K, reserved 1048576K
}
Event: 658.513 GC heap before
{Heap before GC invocations=48 (full 5):
 garbage-first heap   total reserved 1548288K, committed 96256K, used 79956K [0x00000000a1800000, 0x0000000100000000)
  region size 1024K, 53 young (54272K), 0 survivors (0K)
 Metaspace       used 82576K, committed 83328K, reserved 1179648K
  class space    used 11935K, committed 12288K, reserved 1048576K
}
Event: 658.520 GC heap after
{Heap after GC invocations=49 (full 5):
 garbage-first heap   total reserved 1548288K, committed 96256K, used 32852K [0x00000000a1800000, 0x0000000100000000)
  region size 1024K, 6 young (6144K), 6 survivors (6144K)
 Metaspace       used 82576K, committed 83328K, reserved 1179648K
  class space    used 11935K, committed 12288K, reserved 1048576K
}
Event: 659.106 GC heap before
{Heap before GC invocations=50 (full 5):
 garbage-first heap   total reserved 1548288K, committed 96256K, used 82004K [0x00000000a1800000, 0x0000000100000000)
  region size 1024K, 54 young (55296K), 6 survivors (6144K)
 Metaspace       used 83119K, committed 83968K, reserved 1179648K
  class space    used 12013K, committed 12416K, reserved 1048576K
}
Event: 659.114 GC heap after
{Heap after GC invocations=51 (full 5):
 garbage-first heap   total reserved 1548288K, committed 96256K, used 37017K [0x00000000a1800000, 0x0000000100000000)
  region size 1024K, 5 young (5120K), 5 survivors (5120K)
 Metaspace       used 83119K, committed 83968K, reserved 1179648K
  class space    used 12013K, committed 12416K, reserved 1048576K
}

